  ArbitraryOverwrite x64.c
D:\Codes\Win7\ArbitraryOverwrite x64\ArbitraryOverwrite x64\ArbitraryOverwrite x64.c(53,11): warning C4477:  “printf”: 格式字符串“%s”需要类型“char *”的参数，但可变参数 1 拥有了类型“TCHAR *”
D:\Codes\Win7\ArbitraryOverwrite x64\ArbitraryOverwrite x64\ArbitraryOverwrite x64.c(53,11): message :  请考虑在格式字符串中使用“%ls”
D:\Codes\Win7\ArbitraryOverwrite x64\ArbitraryOverwrite x64\ArbitraryOverwrite x64.c(53,11): message :  请考虑在格式字符串中使用“%lls”
D:\Codes\Win7\ArbitraryOverwrite x64\ArbitraryOverwrite x64\ArbitraryOverwrite x64.c(53,11): message :  请考虑在格式字符串中使用“%Ls”
D:\Codes\Win7\ArbitraryOverwrite x64\ArbitraryOverwrite x64\ArbitraryOverwrite x64.c(53,11): message :  请考虑在格式字符串中使用“%ws”
D:\Codes\Win7\ArbitraryOverwrite x64\ArbitraryOverwrite x64\ArbitraryOverwrite x64.c(54,25): warning C4047:  “return”:“DWORD64”与“LPVOID”的间接级别不同
D:\Codes\Win7\ArbitraryOverwrite x64\ArbitraryOverwrite x64\ArbitraryOverwrite x64.c(57,13): warning C4047:  “return”:“DWORD64”与“void *”的间接级别不同
D:\Codes\Win7\ArbitraryOverwrite x64\ArbitraryOverwrite x64\ArbitraryOverwrite x64.c(85,1): warning C4244:  “初始化”: 从“UINT64”转换到“UINT32”，可能丢失数据
D:\Codes\Win7\ArbitraryOverwrite x64\ArbitraryOverwrite x64\ArbitraryOverwrite x64.c(122,7): warning C4047:  “函数”:“DWORD”与“void *”的间接级别不同
D:\Codes\Win7\ArbitraryOverwrite x64\ArbitraryOverwrite x64\ArbitraryOverwrite x64.c(122,7): warning C4024:  “CreateFileA”: 形参和实参 3 的类型不同
D:\Codes\Win7\ArbitraryOverwrite x64\ArbitraryOverwrite x64\ArbitraryOverwrite x64.c(125,7): warning C4047:  “函数”:“DWORD”与“void *”的间接级别不同
D:\Codes\Win7\ArbitraryOverwrite x64\ArbitraryOverwrite x64\ArbitraryOverwrite x64.c(125,7): warning C4024:  “CreateFileA”: 形参和实参 6 的类型不同
D:\Codes\Win7\ArbitraryOverwrite x64\ArbitraryOverwrite x64\ArbitraryOverwrite x64.c(155,9): warning C4477:  “printf”: 格式字符串“%llx”需要类型“unsigned __int64”的参数，但可变参数 1 拥有了类型“NtQueryIntervalProfile_t”
D:\Codes\Win7\ArbitraryOverwrite x64\ArbitraryOverwrite x64\ArbitraryOverwrite x64.c(158,42): warning C4133:  “函数”: 从“DWORD64 *”到“PULONG”的类型不兼容
  正在生成代码
  2 of 9 functions (22.2%) were compiled, the rest were copied from previous compilation.
    0 functions were new in current compilation
    0 functions had inline decision re-evaluated but remain unchanged
  已完成代码的生成
  ArbitraryOverwrite x64.vcxproj -> D:\Codes\Win7\ArbitraryOverwrite x64\x64\Release\ArbitraryOverwrite x64.exe
