d:\codes\win7\arbitraryoverwrite x64\x64\release\arbitraryoverwrite x64.ipdb
d:\codes\win7\arbitraryoverwrite x64\x64\release\arbitraryoverwrite x64.iobj
d:\codes\win7\arbitraryoverwrite x64\arbitraryoverwrite x64\x64\release\vc142.pdb
d:\codes\win7\arbitraryoverwrite x64\arbitraryoverwrite x64\x64\release\arbitraryoverwrite x64.obj
d:\codes\win7\arbitraryoverwrite x64\arbitraryoverwrite x64\shellcode.obj
d:\codes\win7\arbitraryoverwrite x64\x64\release\arbitraryoverwrite x64.pdb
d:\codes\win7\arbitraryoverwrite x64\arbitraryoverwrite x64\x64\release\arbitrar.70a1ca7b.tlog\arbitraryoverwrite x64.write.1u.tlog
d:\codes\win7\arbitraryoverwrite x64\arbitraryoverwrite x64\x64\release\arbitrar.70a1ca7b.tlog\cl.command.1.tlog
d:\codes\win7\arbitraryoverwrite x64\arbitraryoverwrite x64\x64\release\arbitrar.70a1ca7b.tlog\cl.read.1.tlog
d:\codes\win7\arbitraryoverwrite x64\arbitraryoverwrite x64\x64\release\arbitrar.70a1ca7b.tlog\cl.write.1.tlog
d:\codes\win7\arbitraryoverwrite x64\arbitraryoverwrite x64\x64\release\arbitrar.70a1ca7b.tlog\custombuild.command.1.tlog
d:\codes\win7\arbitraryoverwrite x64\arbitraryoverwrite x64\x64\release\arbitrar.70a1ca7b.tlog\custombuild.read.1.tlog
d:\codes\win7\arbitraryoverwrite x64\arbitraryoverwrite x64\x64\release\arbitrar.70a1ca7b.tlog\custombuild.write.1.tlog
d:\codes\win7\arbitraryoverwrite x64\arbitraryoverwrite x64\x64\release\arbitrar.70a1ca7b.tlog\link-cvtres.read.1.tlog
d:\codes\win7\arbitraryoverwrite x64\arbitraryoverwrite x64\x64\release\arbitrar.70a1ca7b.tlog\link-cvtres.write.1.tlog
d:\codes\win7\arbitraryoverwrite x64\arbitraryoverwrite x64\x64\release\arbitrar.70a1ca7b.tlog\link-rc.read.1.tlog
d:\codes\win7\arbitraryoverwrite x64\arbitraryoverwrite x64\x64\release\arbitrar.70a1ca7b.tlog\link-rc.write.1.tlog
d:\codes\win7\arbitraryoverwrite x64\arbitraryoverwrite x64\x64\release\arbitrar.70a1ca7b.tlog\link.command.1.tlog
d:\codes\win7\arbitraryoverwrite x64\arbitraryoverwrite x64\x64\release\arbitrar.70a1ca7b.tlog\link.delete.1.tlog
d:\codes\win7\arbitraryoverwrite x64\arbitraryoverwrite x64\x64\release\arbitrar.70a1ca7b.tlog\link.read.1.tlog
d:\codes\win7\arbitraryoverwrite x64\arbitraryoverwrite x64\x64\release\arbitrar.70a1ca7b.tlog\link.write.1.tlog
